# JRE version: OpenJDK Runtime Environment Microsoft-6841889 (11.0.17+8) (build 11.0.17+8-LTS)
# Java VM: OpenJDK 64-Bit Server VM Microsoft-6841889 (11.0.17+8-LTS, mixed mode, tiered, compressed oops, g1 gc, windows-amd64)
Heap:
 garbage-first heap   total 524288K, used 337179K [0x00000000c0000000, 0x0000000100000000)
  region size 1024K, 230 young (235520K), 29 survivors (29696K)
 Metaspace       used 270756K, capacity 284952K, committed 285232K, reserved 1290240K
  class space    used 38022K, capacity 45422K, committed 45536K, reserved 1048576K
GC Heap History (20 events):
Event: 36.712 GC heap before
{Heap before GC invocations=123 (full 0):
 garbage-first heap   total 524288K, used 374150K [0x00000000c0000000, 0x0000000100000000)
  region size 1024K, 307 young (314368K), 1 survivors (1024K)
 Metaspace       used 142333K, capacity 151400K, committed 151504K, reserved 1175552K
  class space    used 21566K, capacity 26479K, committed 26496K, reserved 1048576K
}
Event: 36.713 GC heap after
{Heap after GC invocations=124 (full 0):
 garbage-first heap   total 524288K, used 60824K [0x00000000c0000000, 0x0000000100000000)
  region size 1024K, 1 young (1024K), 1 survivors (1024K)
 Metaspace       used 142333K, capacity 151400K, committed 151504K, reserved 1175552K
  class space    used 21566K, capacity 26479K, committed 26496K, reserved 1048576K
}
Event: 36.963 GC heap before
{Heap before GC invocations=124 (full 0):
 garbage-first heap   total 524288K, used 374168K [0x00000000c0000000, 0x0000000100000000)
  region size 1024K, 307 young (314368K), 1 survivors (1024K)
 Metaspace       used 142333K, capacity 151400K, committed 151504K, reserved 1175552K
  class space    used 21566K, capacity 26479K, committed 26496K, reserved 1048576K
}
Event: 36.964 GC heap after
{Heap after GC invocations=125 (full 0):
 garbage-first heap   total 524288K, used 60831K [0x00000000c0000000, 0x0000000100000000)
  region size 1024K, 1 young (1024K), 1 survivors (1024K)
 Metaspace       used 142333K, capacity 151400K, committed 151504K, reserved 1175552K
  class space    used 21566K, capacity 26479K, committed 26496K, reserved 1048576K
}
Event: 37.200 GC heap before
{Heap before GC invocations=125 (full 0):
 garbage-first heap   total 524288K, used 374175K [0x00000000c0000000, 0x0000000100000000)
  region size 1024K, 307 young (314368K), 1 survivors (1024K)
 Metaspace       used 142333K, capacity 151400K, committed 151504K, reserved 1175552K
  class space    used 21566K, capacity 26479K, committed 26496K, reserved 1048576K
}
Event: 37.201 GC heap after
{Heap after GC invocations=126 (full 0):
 garbage-first heap   total 524288K, used 60839K [0x00000000c0000000, 0x0000000100000000)
  region size 1024K, 1 young (1024K), 1 survivors (1024K)
 Metaspace       used 142333K, capacity 151400K, committed 151504K, reserved 1175552K
  class space    used 21566K, capacity 26479K, committed 26496K, reserved 1048576K
}
Event: 37.432 GC heap before
{Heap before GC invocations=126 (full 0):
 garbage-first heap   total 524288K, used 374183K [0x00000000c0000000, 0x0000000100000000)
  region size 1024K, 307 young (314368K), 1 survivors (1024K)
 Metaspace       used 142333K, capacity 151400K, committed 151504K, reserved 1175552K
  class space    used 21566K, capacity 26479K, committed 26496K, reserved 1048576K
}
Event: 37.433 GC heap after
{Heap after GC invocations=127 (full 0):
 garbage-first heap   total 524288K, used 60848K [0x00000000c0000000, 0x0000000100000000)
  region size 1024K, 1 young (1024K), 1 survivors (1024K)
 Metaspace       used 142333K, capacity 151400K, committed 151504K, reserved 1175552K
  class space    used 21566K, capacity 26479K, committed 26496K, reserved 1048576K
}
Event: 39.412 GC heap before
{Heap before GC invocations=127 (full 0):
 garbage-first heap   total 524288K, used 374192K [0x00000000c0000000, 0x0000000100000000)
  region size 1024K, 307 young (314368K), 1 survivors (1024K)
 Metaspace       used 142922K, capacity 152005K, committed 152144K, reserved 1175552K
  class space    used 21655K, capacity 26585K, committed 26624K, reserved 1048576K
}
Event: 39.413 GC heap after
{Heap after GC invocations=128 (full 0):
 garbage-first heap   total 524288K, used 61009K [0x00000000c0000000, 0x0000000100000000)
  region size 1024K, 1 young (1024K), 1 survivors (1024K)
 Metaspace       used 142922K, capacity 152005K, committed 152144K, reserved 1175552K
  class space    used 21655K, capacity 26585K, committed 26624K, reserved 1048576K
}
Event: 41.280 GC heap before
{Heap before GC invocations=128 (full 0):
 garbage-first heap   total 524288K, used 394833K [0x00000000c0000000, 0x0000000100000000)
  region size 1024K, 223 young (228352K), 1 survivors (1024K)
 Metaspace       used 159267K, capacity 169395K, committed 169520K, reserved 1189888K
  class space    used 24153K, capacity 29590K, committed 29664K, reserved 1048576K
}
Event: 41.293 GC heap after
{Heap after GC invocations=129 (full 0):
 garbage-first heap   total 524288K, used 70464K [0x00000000c0000000, 0x0000000100000000)
  region size 1024K, 10 young (10240K), 10 survivors (10240K)
 Metaspace       used 159267K, capacity 169395K, committed 169520K, reserved 1189888K
  class space    used 24153K, capacity 29590K, committed 29664K, reserved 1048576K
}
Event: 44.665 GC heap before
{Heap before GC invocations=130 (full 0):
 garbage-first heap   total 524288K, used 374592K [0x00000000c0000000, 0x0000000100000000)
  region size 1024K, 307 young (314368K), 10 survivors (10240K)
 Metaspace       used 183845K, capacity 194277K, committed 194352K, reserved 1210368K
  class space    used 27133K, capacity 32669K, committed 32736K, reserved 1048576K
}
Event: 44.683 GC heap after
{Heap after GC invocations=131 (full 0):
 garbage-first heap   total 524288K, used 78406K [0x00000000c0000000, 0x0000000100000000)
  region size 1024K, 18 young (18432K), 18 survivors (18432K)
 Metaspace       used 183845K, capacity 194277K, committed 194352K, reserved 1210368K
  class space    used 27133K, capacity 32669K, committed 32736K, reserved 1048576K
}
Event: 111.041 GC heap before
{Heap before GC invocations=132 (full 0):
 garbage-first heap   total 524288K, used 374342K [0x00000000c0000000, 0x0000000100000000)
  region size 1024K, 307 young (314368K), 18 survivors (18432K)
 Metaspace       used 224680K, capacity 236523K, committed 236592K, reserved 1247232K
  class space    used 32323K, capacity 38557K, committed 38624K, reserved 1048576K
}
Event: 111.072 GC heap after
{Heap after GC invocations=133 (full 0):
 garbage-first heap   total 524288K, used 103931K [0x00000000c0000000, 0x0000000100000000)
  region size 1024K, 39 young (39936K), 39 survivors (39936K)
 Metaspace       used 224680K, capacity 236523K, committed 236592K, reserved 1247232K
  class space    used 32323K, capacity 38557K, committed 38624K, reserved 1048576K
}
Event: 118.122 GC heap before
{Heap before GC invocations=133 (full 0):
 garbage-first heap   total 524288K, used 380411K [0x00000000c0000000, 0x0000000100000000)
  region size 1024K, 307 young (314368K), 39 survivors (39936K)
 Metaspace       used 254025K, capacity 267472K, committed 267568K, reserved 1273856K
  class space    used 35905K, capacity 42954K, committed 42976K, reserved 1048576K
}
Event: 118.160 GC heap after
{Heap after GC invocations=134 (full 0):
 garbage-first heap   total 524288K, used 119990K [0x00000000c0000000, 0x0000000100000000)
  region size 1024K, 17 young (17408K), 17 survivors (17408K)
 Metaspace       used 254025K, capacity 267472K, committed 267568K, reserved 1273856K
  class space    used 35905K, capacity 42954K, committed 42976K, reserved 1048576K
}
Event: 145.048 GC heap before
{Heap before GC invocations=134 (full 0):
 garbage-first heap   total 524288K, used 409782K [0x00000000c0000000, 0x0000000100000000)
  region size 1024K, 299 young (306176K), 17 survivors (17408K)
 Metaspace       used 264436K, capacity 278430K, committed 278704K, reserved 1284096K
  class space    used 37213K, capacity 44517K, committed 44640K, reserved 1048576K
}
Event: 145.071 GC heap after
{Heap after GC invocations=135 (full 0):
 garbage-first heap   total 524288K, used 132379K [0x00000000c0000000, 0x0000000100000000)
  region size 1024K, 29 young (29696K), 29 survivors (29696K)
 Metaspace       used 264436K, capacity 278430K, committed 278704K, reserved 1284096K
  class space    used 37213K, capacity 44517K, committed 44640K, reserved 1048576K
}

