# JRE version: OpenJDK Runtime Environment Microsoft-6841889 (11.0.17+8) (build 11.0.17+8-LTS)
# Java VM: OpenJDK 64-Bit Server VM Microsoft-6841889 (11.0.17+8-LTS, mixed mode, tiered, compressed oops, g1 gc, windows-amd64)
Heap:
 garbage-first heap   total 524288K, used 340866K [0x00000000c0000000, 0x0000000100000000)
  region size 1024K, 237 young (242688K), 27 survivors (27648K)
 Metaspace       used 315363K, capacity 330991K, committed 331192K, reserved 1329152K
  class space    used 43405K, capacity 51127K, committed 51148K, reserved 1048576K
GC Heap History (20 events):
Event: 218.946 GC heap before
{Heap before GC invocations=41 (full 0):
 garbage-first heap   total 524288K, used 400804K [0x00000000c0000000, 0x0000000100000000)
  region size 1024K, 307 young (314368K), 15 survivors (15360K)
 Metaspace       used 239847K, capacity 253668K, committed 253868K, reserved 1263616K
  class space    used 33701K, capacity 40745K, committed 40832K, reserved 1048576K
}
Event: 218.982 GC heap after
{Heap after GC invocations=42 (full 0):
 garbage-first heap   total 524288K, used 125841K [0x00000000c0000000, 0x0000000100000000)
  region size 1024K, 38 young (38912K), 38 survivors (38912K)
 Metaspace       used 239847K, capacity 253668K, committed 253868K, reserved 1263616K
  class space    used 33701K, capacity 40745K, committed 40832K, reserved 1048576K
}
Event: 228.063 GC heap before
{Heap before GC invocations=42 (full 0):
 garbage-first heap   total 524288K, used 395153K [0x00000000c0000000, 0x0000000100000000)
  region size 1024K, 302 young (309248K), 38 survivors (38912K)
 Metaspace       used 249650K, capacity 263980K, committed 264108K, reserved 1271808K
  class space    used 34662K, capacity 41838K, committed 41856K, reserved 1048576K
}
Event: 228.078 GC heap after
{Heap after GC invocations=43 (full 0):
 garbage-first heap   total 524288K, used 101636K [0x00000000c0000000, 0x0000000100000000)
  region size 1024K, 10 young (10240K), 10 survivors (10240K)
 Metaspace       used 249650K, capacity 263980K, committed 264108K, reserved 1271808K
  class space    used 34662K, capacity 41838K, committed 41856K, reserved 1048576K
}
Event: 230.863 GC heap before
{Heap before GC invocations=43 (full 0):
 garbage-first heap   total 524288K, used 219396K [0x00000000c0000000, 0x0000000100000000)
  region size 1024K, 125 young (128000K), 10 survivors (10240K)
 Metaspace       used 264121K, capacity 278575K, committed 278688K, reserved 1284096K
  class space    used 36355K, capacity 43643K, committed 43648K, reserved 1048576K
}
Event: 230.880 GC heap after
{Heap after GC invocations=44 (full 0):
 garbage-first heap   total 524288K, used 101590K [0x00000000c0000000, 0x0000000100000000)
  region size 1024K, 10 young (10240K), 10 survivors (10240K)
 Metaspace       used 264121K, capacity 278575K, committed 278688K, reserved 1284096K
  class space    used 36355K, capacity 43643K, committed 43648K, reserved 1048576K
}
Event: 386.316 GC heap before
{Heap before GC invocations=45 (full 0):
 garbage-first heap   total 524288K, used 403670K [0x00000000c0000000, 0x0000000100000000)
  region size 1024K, 307 young (314368K), 10 survivors (10240K)
 Metaspace       used 274909K, capacity 289344K, committed 289464K, reserved 1294336K
  class space    used 37957K, capacity 45257K, committed 45260K, reserved 1048576K
}
Event: 386.338 GC heap after
{Heap after GC invocations=46 (full 0):
 garbage-first heap   total 524288K, used 104176K [0x00000000c0000000, 0x0000000100000000)
  region size 1024K, 14 young (14336K), 14 survivors (14336K)
 Metaspace       used 274909K, capacity 289344K, committed 289464K, reserved 1294336K
  class space    used 37957K, capacity 45257K, committed 45260K, reserved 1048576K
}
Event: 391.443 GC heap before
{Heap before GC invocations=47 (full 0):
 garbage-first heap   total 524288K, used 404208K [0x00000000c0000000, 0x0000000100000000)
  region size 1024K, 307 young (314368K), 14 survivors (14336K)
 Metaspace       used 286982K, capacity 301661K, committed 301880K, reserved 1304576K
  class space    used 39490K, capacity 46866K, committed 46924K, reserved 1048576K
}
Event: 391.464 GC heap after
{Heap after GC invocations=48 (full 0):
 garbage-first heap   total 524288K, used 109101K [0x00000000c0000000, 0x0000000100000000)
  region size 1024K, 19 young (19456K), 19 survivors (19456K)
 Metaspace       used 286982K, capacity 301661K, committed 301880K, reserved 1304576K
  class space    used 39490K, capacity 46866K, committed 46924K, reserved 1048576K
}
Event: 1302.362 GC heap before
{Heap before GC invocations=48 (full 0):
 garbage-first heap   total 524288K, used 405037K [0x00000000c0000000, 0x0000000100000000)
  region size 1024K, 307 young (314368K), 19 survivors (19456K)
 Metaspace       used 298412K, capacity 313464K, committed 313656K, reserved 1314816K
  class space    used 41075K, capacity 48674K, committed 48716K, reserved 1048576K
}
Event: 1302.389 GC heap after
{Heap after GC invocations=49 (full 0):
 garbage-first heap   total 524288K, used 122918K [0x00000000c0000000, 0x0000000100000000)
  region size 1024K, 32 young (32768K), 32 survivors (32768K)
 Metaspace       used 298412K, capacity 313464K, committed 313656K, reserved 1314816K
  class space    used 41075K, capacity 48674K, committed 48716K, reserved 1048576K
}
Event: 1302.471 GC heap before
{Heap before GC invocations=49 (full 0):
 garbage-first heap   total 524288K, used 172070K [0x00000000c0000000, 0x0000000100000000)
  region size 1024K, 81 young (82944K), 32 survivors (32768K)
 Metaspace       used 298455K, capacity 313534K, committed 313656K, reserved 1314816K
  class space    used 41078K, capacity 48676K, committed 48716K, reserved 1048576K
}
Event: 1302.760 GC heap after
{Heap after GC invocations=50 (full 1):
 garbage-first heap   total 524288K, used 90346K [0x00000000c0000000, 0x0000000100000000)
  region size 1024K, 0 young (0K), 0 survivors (0K)
 Metaspace       used 296095K, capacity 310956K, committed 313656K, reserved 1314816K
  class space    used 40918K, capacity 48436K, committed 48716K, reserved 1048576K
}
Event: 1302.764 GC heap before
{Heap before GC invocations=50 (full 1):
 garbage-first heap   total 524288K, used 90346K [0x00000000c0000000, 0x0000000100000000)
  region size 1024K, 1 young (1024K), 0 survivors (0K)
 Metaspace       used 296098K, capacity 310956K, committed 313656K, reserved 1314816K
  class space    used 40919K, capacity 48436K, committed 48716K, reserved 1048576K
}
Event: 1302.965 GC heap after
{Heap after GC invocations=51 (full 2):
 garbage-first heap   total 524288K, used 90342K [0x00000000c0000000, 0x0000000100000000)
  region size 1024K, 0 young (0K), 0 survivors (0K)
 Metaspace       used 296098K, capacity 310956K, committed 313656K, reserved 1314816K
  class space    used 40919K, capacity 48436K, committed 48716K, reserved 1048576K
}
Event: 1325.158 GC heap before
{Heap before GC invocations=51 (full 2):
 garbage-first heap   total 524288K, used 406758K [0x00000000c0000000, 0x0000000100000000)
  region size 1024K, 307 young (314368K), 0 survivors (0K)
 Metaspace       used 303354K, capacity 318668K, committed 318904K, reserved 1318912K
  class space    used 41913K, capacity 49571K, committed 49612K, reserved 1048576K
}
Event: 1325.194 GC heap after
{Heap after GC invocations=52 (full 2):
 garbage-first heap   total 524288K, used 123906K [0x00000000c0000000, 0x0000000100000000)
  region size 1024K, 31 young (31744K), 31 survivors (31744K)
 Metaspace       used 303354K, capacity 318668K, committed 318904K, reserved 1318912K
  class space    used 41913K, capacity 49571K, committed 49612K, reserved 1048576K
}
Event: 1377.590 GC heap before
{Heap before GC invocations=52 (full 2):
 garbage-first heap   total 524288K, used 408578K [0x00000000c0000000, 0x0000000100000000)
  region size 1024K, 307 young (314368K), 31 survivors (31744K)
 Metaspace       used 309763K, capacity 325301K, committed 325432K, reserved 1325056K
  class space    used 42684K, capacity 50389K, committed 50508K, reserved 1048576K
}
Event: 1377.618 GC heap after
{Heap after GC invocations=53 (full 2):
 garbage-first heap   total 524288K, used 125826K [0x00000000c0000000, 0x0000000100000000)
  region size 1024K, 27 young (27648K), 27 survivors (27648K)
 Metaspace       used 309763K, capacity 325301K, committed 325432K, reserved 1325056K
  class space    used 42684K, capacity 50389K, committed 50508K, reserved 1048576K
}

