# JRE version: OpenJDK Runtime Environment Microsoft-6841889 (11.0.17+8) (build 11.0.17+8-LTS)
# Java VM: OpenJDK 64-Bit Server VM Microsoft-6841889 (11.0.17+8-LTS, mixed mode, tiered, compressed oops, g1 gc, windows-amd64)
Heap:
 garbage-first heap   total 524288K, used 293338K [0x00000000c0000000, 0x0000000100000000)
  region size 1024K, 198 young (202752K), 31 survivors (31744K)
 Metaspace       used 267372K, capacity 282090K, committed 282180K, reserved 1286144K
  class space    used 37455K, capacity 44953K, committed 44972K, reserved 1048576K
GC Heap History (20 events):
Event: 10.001 GC heap before
{Heap before GC invocations=10 (full 0):
 garbage-first heap   total 524288K, used 166195K [0x00000000c0000000, 0x0000000100000000)
  region size 1024K, 111 young (113664K), 5 survivors (5120K)
 Metaspace       used 79492K, capacity 85274K, committed 85532K, reserved 1120256K
  class space    used 12294K, capacity 15443K, committed 15468K, reserved 1048576K
}
Event: 10.014 GC heap after
{Heap after GC invocations=11 (full 0):
 garbage-first heap   total 524288K, used 27194K [0x00000000c0000000, 0x0000000100000000)
  region size 1024K, 9 young (9216K), 9 survivors (9216K)
 Metaspace       used 79492K, capacity 85274K, committed 85532K, reserved 1120256K
  class space    used 12294K, capacity 15443K, committed 15468K, reserved 1048576K
}
Event: 13.226 GC heap before
{Heap before GC invocations=11 (full 0):
 garbage-first heap   total 524288K, used 294458K [0x00000000c0000000, 0x0000000100000000)
  region size 1024K, 188 young (192512K), 9 survivors (9216K)
 Metaspace       used 88095K, capacity 94592K, committed 94748K, reserved 1126400K
  class space    used 13466K, capacity 16966K, committed 17004K, reserved 1048576K
}
Event: 13.243 GC heap after
{Heap after GC invocations=12 (full 0):
 garbage-first heap   total 524288K, used 33715K [0x00000000c0000000, 0x0000000100000000)
  region size 1024K, 16 young (16384K), 16 survivors (16384K)
 Metaspace       used 88095K, capacity 94592K, committed 94748K, reserved 1126400K
  class space    used 13466K, capacity 16966K, committed 17004K, reserved 1048576K
}
Event: 16.695 GC heap before
{Heap before GC invocations=12 (full 0):
 garbage-first heap   total 524288K, used 236467K [0x00000000c0000000, 0x0000000100000000)
  region size 1024K, 214 young (219136K), 16 survivors (16384K)
 Metaspace       used 105692K, capacity 113317K, committed 113436K, reserved 1142784K
  class space    used 16306K, capacity 20488K, committed 20588K, reserved 1048576K
}
Event: 16.720 GC heap after
{Heap after GC invocations=13 (full 0):
 garbage-first heap   total 524288K, used 45955K [0x00000000c0000000, 0x0000000100000000)
  region size 1024K, 24 young (24576K), 24 survivors (24576K)
 Metaspace       used 105692K, capacity 113317K, committed 113436K, reserved 1142784K
  class space    used 16306K, capacity 20488K, committed 20588K, reserved 1048576K
}
Event: 19.440 GC heap before
{Heap before GC invocations=13 (full 0):
 garbage-first heap   total 524288K, used 155523K [0x00000000c0000000, 0x0000000100000000)
  region size 1024K, 131 young (134144K), 24 survivors (24576K)
 Metaspace       used 110082K, capacity 118197K, committed 118236K, reserved 1146880K
  class space    used 17326K, capacity 21773K, committed 21804K, reserved 1048576K
}
Event: 19.487 GC heap after
{Heap after GC invocations=14 (full 0):
 garbage-first heap   total 524288K, used 54914K [0x00000000c0000000, 0x0000000100000000)
  region size 1024K, 27 young (27648K), 27 survivors (27648K)
 Metaspace       used 110082K, capacity 118197K, committed 118236K, reserved 1146880K
  class space    used 17326K, capacity 21773K, committed 21804K, reserved 1048576K
}
Event: 23.920 GC heap before
{Heap before GC invocations=15 (full 0):
 garbage-first heap   total 524288K, used 340610K [0x00000000c0000000, 0x0000000100000000)
  region size 1024K, 307 young (314368K), 27 survivors (27648K)
 Metaspace       used 142169K, capacity 151173K, committed 151388K, reserved 1173504K
  class space    used 21521K, capacity 26421K, committed 26540K, reserved 1048576K
}
Event: 23.976 GC heap after
{Heap after GC invocations=16 (full 0):
 garbage-first heap   total 524288K, used 60454K [0x00000000c0000000, 0x0000000100000000)
  region size 1024K, 26 young (26624K), 26 survivors (26624K)
 Metaspace       used 142169K, capacity 151173K, committed 151388K, reserved 1173504K
  class space    used 21521K, capacity 26421K, committed 26540K, reserved 1048576K
}
Event: 37.033 GC heap before
{Heap before GC invocations=17 (full 0):
 garbage-first heap   total 524288K, used 455718K [0x00000000c0000000, 0x0000000100000000)
  region size 1024K, 307 young (314368K), 26 survivors (26624K)
 Metaspace       used 153887K, capacity 163673K, committed 163932K, reserved 1185792K
  class space    used 23304K, capacity 28543K, committed 28588K, reserved 1048576K
}
Event: 37.073 GC heap after
{Heap after GC invocations=18 (full 0):
 garbage-first heap   total 524288K, used 70318K [0x00000000c0000000, 0x0000000100000000)
  region size 1024K, 23 young (23552K), 23 survivors (23552K)
 Metaspace       used 153887K, capacity 163673K, committed 163932K, reserved 1185792K
  class space    used 23304K, capacity 28543K, committed 28588K, reserved 1048576K
}
Event: 41.433 GC heap before
{Heap before GC invocations=18 (full 0):
 garbage-first heap   total 524288K, used 360110K [0x00000000c0000000, 0x0000000100000000)
  region size 1024K, 307 young (314368K), 23 survivors (23552K)
 Metaspace       used 167790K, capacity 178085K, committed 178396K, reserved 1198080K
  class space    used 25056K, capacity 30450K, committed 30508K, reserved 1048576K
}
Event: 41.455 GC heap after
{Heap after GC invocations=19 (full 0):
 garbage-first heap   total 524288K, used 74601K [0x00000000c0000000, 0x0000000100000000)
  region size 1024K, 20 young (20480K), 20 survivors (20480K)
 Metaspace       used 167790K, capacity 178085K, committed 178396K, reserved 1198080K
  class space    used 25056K, capacity 30450K, committed 30508K, reserved 1048576K
}
Event: 270.758 GC heap before
{Heap before GC invocations=19 (full 0):
 garbage-first heap   total 524288K, used 368489K [0x00000000c0000000, 0x0000000100000000)
  region size 1024K, 307 young (314368K), 20 survivors (20480K)
 Metaspace       used 201177K, capacity 212940K, committed 213084K, reserved 1226752K
  class space    used 29822K, capacity 35973K, committed 36012K, reserved 1048576K
}
Event: 270.794 GC heap after
{Heap after GC invocations=20 (full 0):
 garbage-first heap   total 524288K, used 89193K [0x00000000c0000000, 0x0000000100000000)
  region size 1024K, 35 young (35840K), 35 survivors (35840K)
 Metaspace       used 201177K, capacity 212940K, committed 213084K, reserved 1226752K
  class space    used 29822K, capacity 35973K, committed 36012K, reserved 1048576K
}
Event: 278.248 GC heap before
{Heap before GC invocations=20 (full 0):
 garbage-first heap   total 524288K, used 316521K [0x00000000c0000000, 0x0000000100000000)
  region size 1024K, 257 young (263168K), 35 survivors (35840K)
 Metaspace       used 239279K, capacity 252572K, committed 252740K, reserved 1261568K
  class space    used 34358K, capacity 41305K, committed 41388K, reserved 1048576K
}
Event: 278.361 GC heap after
{Heap after GC invocations=21 (full 0):
 garbage-first heap   total 524288K, used 112779K [0x00000000c0000000, 0x0000000100000000)
  region size 1024K, 39 young (39936K), 39 survivors (39936K)
 Metaspace       used 239279K, capacity 252572K, committed 252740K, reserved 1261568K
  class space    used 34358K, capacity 41305K, committed 41388K, reserved 1048576K
}
Event: 291.502 GC heap before
{Heap before GC invocations=22 (full 0):
 garbage-first heap   total 524288K, used 387211K [0x00000000c0000000, 0x0000000100000000)
  region size 1024K, 307 young (314368K), 39 survivors (39936K)
 Metaspace       used 253819K, capacity 267766K, committed 267972K, reserved 1273856K
  class space    used 35966K, capacity 43194K, committed 43308K, reserved 1048576K
}
Event: 291.733 GC heap after
{Heap after GC invocations=23 (full 0):
 garbage-first heap   total 524288K, used 124378K [0x00000000c0000000, 0x0000000100000000)
  region size 1024K, 31 young (31744K), 31 survivors (31744K)
 Metaspace       used 253819K, capacity 267766K, committed 267972K, reserved 1273856K
  class space    used 35966K, capacity 43194K, committed 43308K, reserved 1048576K
}

