# JRE version: OpenJDK Runtime Environment Microsoft-6841889 (11.0.17+8) (build 11.0.17+8-LTS)
# Java VM: OpenJDK 64-Bit Server VM Microsoft-6841889 (11.0.17+8-LTS, mixed mode, tiered, compressed oops, g1 gc, windows-amd64)
Heap:
 garbage-first heap   total 524288K, used 418986K [0x00000000c0000000, 0x0000000100000000)
  region size 1024K, 313 young (320512K), 21 survivors (21504K)
 Metaspace       used 320913K, capacity 336437K, committed 336640K, reserved 1333248K
  class space    used 44281K, capacity 52117K, committed 52224K, reserved 1048576K
GC Heap History (20 events):
Event: 30.603 GC heap before
{Heap before GC invocations=33 (full 0):
 garbage-first heap   total 524288K, used 339991K [0x00000000c0000000, 0x0000000100000000)
  region size 1024K, 280 young (286720K), 14 survivors (14336K)
 Metaspace       used 195863K, capacity 206810K, committed 207044K, reserved 1222656K
  class space    used 28700K, capacity 34415K, committed 34432K, reserved 1048576K
}
Event: 30.622 GC heap after
{Heap after GC invocations=34 (full 0):
 garbage-first heap   total 524288K, used 77793K [0x00000000c0000000, 0x0000000100000000)
  region size 1024K, 23 young (23552K), 23 survivors (23552K)
 Metaspace       used 195863K, capacity 206810K, committed 207044K, reserved 1222656K
  class space    used 28700K, capacity 34415K, committed 34432K, reserved 1048576K
}
Event: 32.067 GC heap before
{Heap before GC invocations=34 (full 0):
 garbage-first heap   total 524288K, used 358369K [0x00000000c0000000, 0x0000000100000000)
  region size 1024K, 297 young (304128K), 23 survivors (23552K)
 Metaspace       used 202934K, capacity 214005K, committed 214212K, reserved 1228800K
  class space    used 29565K, capacity 35381K, committed 35456K, reserved 1048576K
}
Event: 32.084 GC heap after
{Heap after GC invocations=35 (full 0):
 garbage-first heap   total 524288K, used 80856K [0x00000000c0000000, 0x0000000100000000)
  region size 1024K, 18 young (18432K), 18 survivors (18432K)
 Metaspace       used 202934K, capacity 214005K, committed 214212K, reserved 1228800K
  class space    used 29565K, capacity 35381K, committed 35456K, reserved 1048576K
}
Event: 60.665 GC heap before
{Heap before GC invocations=35 (full 0):
 garbage-first heap   total 524288K, used 372696K [0x00000000c0000000, 0x0000000100000000)
  region size 1024K, 303 young (310272K), 18 survivors (18432K)
 Metaspace       used 215539K, capacity 227047K, committed 227268K, reserved 1239040K
  class space    used 31218K, capacity 37175K, committed 37248K, reserved 1048576K
}
Event: 60.681 GC heap after
{Heap after GC invocations=36 (full 0):
 garbage-first heap   total 524288K, used 84398K [0x00000000c0000000, 0x0000000100000000)
  region size 1024K, 22 young (22528K), 22 survivors (22528K)
 Metaspace       used 215539K, capacity 227047K, committed 227268K, reserved 1239040K
  class space    used 31218K, capacity 37175K, committed 37248K, reserved 1048576K
}
Event: 65.821 GC heap before
{Heap before GC invocations=36 (full 0):
 garbage-first heap   total 524288K, used 376238K [0x00000000c0000000, 0x0000000100000000)
  region size 1024K, 307 young (314368K), 22 survivors (22528K)
 Metaspace       used 257434K, capacity 270232K, committed 270532K, reserved 1277952K
  class space    used 36478K, capacity 43091K, committed 43136K, reserved 1048576K
}
Event: 65.851 GC heap after
{Heap after GC invocations=37 (full 0):
 garbage-first heap   total 524288K, used 104652K [0x00000000c0000000, 0x0000000100000000)
  region size 1024K, 39 young (39936K), 39 survivors (39936K)
 Metaspace       used 257434K, capacity 270232K, committed 270532K, reserved 1277952K
  class space    used 36478K, capacity 43091K, committed 43136K, reserved 1048576K
}
Event: 195.293 GC heap before
{Heap before GC invocations=37 (full 0):
 garbage-first heap   total 524288K, used 379084K [0x00000000c0000000, 0x0000000100000000)
  region size 1024K, 307 young (314368K), 39 survivors (39936K)
 Metaspace       used 274263K, capacity 288214K, committed 288324K, reserved 1292288K
  class space    used 38794K, capacity 45981K, committed 46080K, reserved 1048576K
}
Event: 195.321 GC heap after
{Heap after GC invocations=38 (full 0):
 garbage-first heap   total 524288K, used 105814K [0x00000000c0000000, 0x0000000100000000)
  region size 1024K, 22 young (22528K), 22 survivors (22528K)
 Metaspace       used 274263K, capacity 288214K, committed 288324K, reserved 1292288K
  class space    used 38794K, capacity 45981K, committed 46080K, reserved 1048576K
}
Event: 200.801 GC heap before
{Heap before GC invocations=38 (full 0):
 garbage-first heap   total 524288K, used 400726K [0x00000000c0000000, 0x0000000100000000)
  region size 1024K, 307 young (314368K), 22 survivors (22528K)
 Metaspace       used 279228K, capacity 293232K, committed 293444K, reserved 1296384K
  class space    used 39018K, capacity 46309K, committed 46336K, reserved 1048576K
}
Event: 200.826 GC heap after
{Heap after GC invocations=39 (full 0):
 garbage-first heap   total 524288K, used 128022K [0x00000000c0000000, 0x0000000100000000)
  region size 1024K, 35 young (35840K), 35 survivors (35840K)
 Metaspace       used 279228K, capacity 293232K, committed 293444K, reserved 1296384K
  class space    used 39018K, capacity 46309K, committed 46336K, reserved 1048576K
}
Event: 204.426 GC heap before
{Heap before GC invocations=39 (full 0):
 garbage-first heap   total 524288K, used 233494K [0x00000000c0000000, 0x0000000100000000)
  region size 1024K, 140 young (143360K), 35 survivors (35840K)
 Metaspace       used 287944K, capacity 302453K, committed 302532K, reserved 1304576K
  class space    used 39958K, capacity 47439K, committed 47488K, reserved 1048576K
}
Event: 204.463 GC heap after
{Heap after GC invocations=40 (full 0):
 garbage-first heap   total 524288K, used 110250K [0x00000000c0000000, 0x0000000100000000)
  region size 1024K, 6 young (6144K), 6 survivors (6144K)
 Metaspace       used 287944K, capacity 302453K, committed 302532K, reserved 1304576K
  class space    used 39958K, capacity 47439K, committed 47488K, reserved 1048576K
}
Event: 210.564 GC heap before
{Heap before GC invocations=41 (full 0):
 garbage-first heap   total 524288K, used 405162K [0x00000000c0000000, 0x0000000100000000)
  region size 1024K, 294 young (301056K), 6 survivors (6144K)
 Metaspace       used 292414K, capacity 307076K, committed 307200K, reserved 1308672K
  class space    used 40363K, capacity 47818K, committed 47872K, reserved 1048576K
}
Event: 210.576 GC heap after
{Heap after GC invocations=42 (full 0):
 garbage-first heap   total 524288K, used 112280K [0x00000000c0000000, 0x0000000100000000)
  region size 1024K, 9 young (9216K), 9 survivors (9216K)
 Metaspace       used 292414K, capacity 307076K, committed 307200K, reserved 1308672K
  class space    used 40363K, capacity 47818K, committed 47872K, reserved 1048576K
}
Event: 215.644 GC heap before
{Heap before GC invocations=43 (full 0):
 garbage-first heap   total 524288K, used 412312K [0x00000000c0000000, 0x0000000100000000)
  region size 1024K, 302 young (309248K), 9 survivors (9216K)
 Metaspace       used 302806K, capacity 317571K, committed 317824K, reserved 1318912K
  class space    used 41758K, capacity 49227K, committed 49280K, reserved 1048576K
}
Event: 215.656 GC heap after
{Heap after GC invocations=44 (full 0):
 garbage-first heap   total 524288K, used 115701K [0x00000000c0000000, 0x0000000100000000)
  region size 1024K, 12 young (12288K), 12 survivors (12288K)
 Metaspace       used 302806K, capacity 317571K, committed 317824K, reserved 1318912K
  class space    used 41758K, capacity 49227K, committed 49280K, reserved 1048576K
}
Event: 217.723 GC heap before
{Heap before GC invocations=44 (full 0):
 garbage-first heap   total 524288K, used 417781K [0x00000000c0000000, 0x0000000100000000)
  region size 1024K, 307 young (314368K), 12 survivors (12288K)
 Metaspace       used 311622K, capacity 326590K, committed 326656K, reserved 1325056K
  class space    used 42842K, capacity 50376K, committed 50432K, reserved 1048576K
}
Event: 217.737 GC heap after
{Heap after GC invocations=45 (full 0):
 garbage-first heap   total 524288K, used 118954K [0x00000000c0000000, 0x0000000100000000)
  region size 1024K, 15 young (15360K), 15 survivors (15360K)
 Metaspace       used 311622K, capacity 326590K, committed 326656K, reserved 1325056K
  class space    used 42842K, capacity 50376K, committed 50432K, reserved 1048576K
}

