# JRE version: OpenJDK Runtime Environment Microsoft-6841889 (11.0.17+8) (build 11.0.17+8-LTS)
# Java VM: OpenJDK 64-Bit Server VM Microsoft-6841889 (11.0.17+8-LTS, mixed mode, tiered, compressed oops, g1 gc, windows-amd64)
Heap:
 garbage-first heap   total 524288K, used 62194K [0x00000000c0000000, 0x0000000100000000)
  region size 1024K, 58 young (59392K), 13 survivors (13312K)
 Metaspace       used 66386K, capacity 70119K, committed 70436K, reserved 1107968K
  class space    used 9522K, capacity 11603K, committed 11696K, reserved 1048576K
GC Heap History (10 events):
Event: 3.613 GC heap before
{Heap before GC invocations=0 (full 0):
 garbage-first heap   total 524288K, used 25600K [0x00000000c0000000, 0x0000000100000000)
  region size 1024K, 25 young (25600K), 0 survivors (0K)
 Metaspace       used 13582K, capacity 14148K, committed 14336K, reserved 1062912K
  class space    used 1313K, capacity 1457K, committed 1536K, reserved 1048576K
}
Event: 3.620 GC heap after
{Heap after GC invocations=1 (full 0):
 garbage-first heap   total 524288K, used 4382K [0x00000000c0000000, 0x0000000100000000)
  region size 1024K, 4 young (4096K), 4 survivors (4096K)
 Metaspace       used 13582K, capacity 14148K, committed 14336K, reserved 1062912K
  class space    used 1313K, capacity 1457K, committed 1536K, reserved 1048576K
}
Event: 4.274 GC heap before
{Heap before GC invocations=1 (full 0):
 garbage-first heap   total 524288K, used 29982K [0x00000000c0000000, 0x0000000100000000)
  region size 1024K, 29 young (29696K), 4 survivors (4096K)
 Metaspace       used 20511K, capacity 21172K, committed 21296K, reserved 1069056K
  class space    used 2164K, capacity 2305K, committed 2352K, reserved 1048576K
}
Event: 4.281 GC heap after
{Heap after GC invocations=2 (full 0):
 garbage-first heap   total 524288K, used 7747K [0x00000000c0000000, 0x0000000100000000)
  region size 1024K, 7 young (7168K), 7 survivors (7168K)
 Metaspace       used 20511K, capacity 21172K, committed 21296K, reserved 1069056K
  class space    used 2164K, capacity 2305K, committed 2352K, reserved 1048576K
}
Event: 5.277 GC heap before
{Heap before GC invocations=3 (full 0):
 garbage-first heap   total 524288K, used 57923K [0x00000000c0000000, 0x0000000100000000)
  region size 1024K, 57 young (58368K), 7 survivors (7168K)
 Metaspace       used 34080K, capacity 35395K, committed 35504K, reserved 1079296K
  class space    used 4155K, capacity 4685K, committed 4784K, reserved 1048576K
}
Event: 5.291 GC heap after
{Heap after GC invocations=4 (full 0):
 garbage-first heap   total 524288K, used 10258K [0x00000000c0000000, 0x0000000100000000)
  region size 1024K, 6 young (6144K), 6 survivors (6144K)
 Metaspace       used 34080K, capacity 35395K, committed 35504K, reserved 1079296K
  class space    used 4155K, capacity 4685K, committed 4784K, reserved 1048576K
}
Event: 5.353 GC heap before
{Heap before GC invocations=4 (full 0):
 garbage-first heap   total 524288K, used 12306K [0x00000000c0000000, 0x0000000100000000)
  region size 1024K, 10 young (10240K), 6 survivors (6144K)
 Metaspace       used 34403K, capacity 35617K, committed 35708K, reserved 1081344K
  class space    used 4221K, capacity 4738K, committed 4784K, reserved 1048576K
}
Event: 5.360 GC heap after
{Heap after GC invocations=5 (full 0):
 garbage-first heap   total 524288K, used 10563K [0x00000000c0000000, 0x0000000100000000)
  region size 1024K, 6 young (6144K), 6 survivors (6144K)
 Metaspace       used 34403K, capacity 35617K, committed 35708K, reserved 1081344K
  class space    used 4221K, capacity 4738K, committed 4784K, reserved 1048576K
}
Event: 8.593 GC heap before
{Heap before GC invocations=6 (full 0):
 garbage-first heap   total 524288K, used 108867K [0x00000000c0000000, 0x0000000100000000)
  region size 1024K, 103 young (105472K), 6 survivors (6144K)
 Metaspace       used 56801K, capacity 59725K, committed 59940K, reserved 1099776K
  class space    used 8109K, capacity 9791K, committed 9904K, reserved 1048576K
}
Event: 8.628 GC heap after
{Heap after GC invocations=7 (full 0):
 garbage-first heap   total 524288K, used 18162K [0x00000000c0000000, 0x0000000100000000)
  region size 1024K, 13 young (13312K), 13 survivors (13312K)
 Metaspace       used 56801K, capacity 59725K, committed 59940K, reserved 1099776K
  class space    used 8109K, capacity 9791K, committed 9904K, reserved 1048576K
}

