# JRE version: OpenJDK Runtime Environment Microsoft-6841889 (11.0.17+8) (build 11.0.17+8-LTS)
# Java VM: OpenJDK 64-Bit Server VM Microsoft-6841889 (11.0.17+8-LTS, mixed mode, tiered, compressed oops, g1 gc, windows-amd64)
Heap:
 garbage-first heap   total 524288K, used 69989K [0x00000000c0000000, 0x0000000100000000)
  region size 1024K, 65 young (66560K), 14 survivors (14336K)
 Metaspace       used 66849K, capacity 70589K, committed 70832K, reserved 1107968K
  class space    used 9624K, capacity 11769K, committed 11776K, reserved 1048576K
GC Heap History (8 events):
Event: 1.118 GC heap before
{Heap before GC invocations=0 (full 0):
 garbage-first heap   total 524288K, used 25600K [0x00000000c0000000, 0x0000000100000000)
  region size 1024K, 25 young (25600K), 0 survivors (0K)
 Metaspace       used 13920K, capacity 14413K, committed 14592K, reserved 1062912K
  class space    used 1343K, capacity 1460K, committed 1536K, reserved 1048576K
}
Event: 1.123 GC heap after
{Heap after GC invocations=1 (full 0):
 garbage-first heap   total 524288K, used 3492K [0x00000000c0000000, 0x0000000100000000)
  region size 1024K, 4 young (4096K), 4 survivors (4096K)
 Metaspace       used 13920K, capacity 14413K, committed 14592K, reserved 1062912K
  class space    used 1343K, capacity 1460K, committed 1536K, reserved 1048576K
}
Event: 1.484 GC heap before
{Heap before GC invocations=1 (full 0):
 garbage-first heap   total 524288K, used 27044K [0x00000000c0000000, 0x0000000100000000)
  region size 1024K, 28 young (28672K), 4 survivors (4096K)
 Metaspace       used 20474K, capacity 21101K, committed 21296K, reserved 1069056K
  class space    used 2216K, capacity 2364K, committed 2432K, reserved 1048576K
}
Event: 1.490 GC heap after
{Heap after GC invocations=2 (full 0):
 garbage-first heap   total 524288K, used 7603K [0x00000000c0000000, 0x0000000100000000)
  region size 1024K, 7 young (7168K), 7 survivors (7168K)
 Metaspace       used 20474K, capacity 21101K, committed 21296K, reserved 1069056K
  class space    used 2216K, capacity 2364K, committed 2432K, reserved 1048576K
}
Event: 2.055 GC heap before
{Heap before GC invocations=3 (full 0):
 garbage-first heap   total 524288K, used 58803K [0x00000000c0000000, 0x0000000100000000)
  region size 1024K, 59 young (60416K), 7 survivors (7168K)
 Metaspace       used 34654K, capacity 35767K, committed 35888K, reserved 1081344K
  class space    used 4174K, capacity 4615K, committed 4736K, reserved 1048576K
}
Event: 2.064 GC heap after
{Heap after GC invocations=4 (full 0):
 garbage-first heap   total 524288K, used 11349K [0x00000000c0000000, 0x0000000100000000)
  region size 1024K, 11 young (11264K), 11 survivors (11264K)
 Metaspace       used 34654K, capacity 35767K, committed 35888K, reserved 1081344K
  class space    used 4174K, capacity 4615K, committed 4736K, reserved 1048576K
}
Event: 3.383 GC heap before
{Heap before GC invocations=5 (full 0):
 garbage-first heap   total 524288K, used 110677K [0x00000000c0000000, 0x0000000100000000)
  region size 1024K, 109 young (111616K), 11 survivors (11264K)
 Metaspace       used 57183K, capacity 60071K, committed 60208K, reserved 1099776K
  class space    used 8075K, capacity 9737K, committed 9856K, reserved 1048576K
}
Event: 3.409 GC heap after
{Heap after GC invocations=6 (full 0):
 garbage-first heap   total 524288K, used 18789K [0x00000000c0000000, 0x0000000100000000)
  region size 1024K, 14 young (14336K), 14 survivors (14336K)
 Metaspace       used 57183K, capacity 60071K, committed 60208K, reserved 1099776K
  class space    used 8075K, capacity 9737K, committed 9856K, reserved 1048576K
}

