# JRE version: OpenJDK Runtime Environment Microsoft-6841889 (11.0.17+8) (build 11.0.17+8-LTS)
# Java VM: OpenJDK 64-Bit Server VM Microsoft-6841889 (11.0.17+8-LTS, mixed mode, tiered, compressed oops, g1 gc, windows-amd64)
Heap:
 garbage-first heap   total 524288K, used 297954K [0x00000000c0000000, 0x0000000100000000)
  region size 1024K, 189 young (193536K), 18 survivors (18432K)
 Metaspace       used 86087K, capacity 92439K, committed 92548K, reserved 1124352K
  class space    used 13332K, capacity 16789K, committed 16896K, reserved 1048576K
GC Heap History (12 events):
Event: 0.878 GC heap before
{Heap before GC invocations=0 (full 0):
 garbage-first heap   total 524288K, used 25600K [0x00000000c0000000, 0x0000000100000000)
  region size 1024K, 25 young (25600K), 0 survivors (0K)
 Metaspace       used 13917K, capacity 14413K, committed 14592K, reserved 1062912K
  class space    used 1343K, capacity 1460K, committed 1536K, reserved 1048576K
}
Event: 0.884 GC heap after
{Heap after GC invocations=1 (full 0):
 garbage-first heap   total 524288K, used 4402K [0x00000000c0000000, 0x0000000100000000)
  region size 1024K, 4 young (4096K), 4 survivors (4096K)
 Metaspace       used 13917K, capacity 14413K, committed 14592K, reserved 1062912K
  class space    used 1343K, capacity 1460K, committed 1536K, reserved 1048576K
}
Event: 1.241 GC heap before
{Heap before GC invocations=1 (full 0):
 garbage-first heap   total 524288K, used 27954K [0x00000000c0000000, 0x0000000100000000)
  region size 1024K, 28 young (28672K), 4 survivors (4096K)
 Metaspace       used 20530K, capacity 21171K, committed 21296K, reserved 1069056K
  class space    used 2221K, capacity 2367K, committed 2432K, reserved 1048576K
}
Event: 1.246 GC heap after
{Heap after GC invocations=2 (full 0):
 garbage-first heap   total 524288K, used 7617K [0x00000000c0000000, 0x0000000100000000)
  region size 1024K, 7 young (7168K), 7 survivors (7168K)
 Metaspace       used 20530K, capacity 21171K, committed 21296K, reserved 1069056K
  class space    used 2221K, capacity 2367K, committed 2432K, reserved 1048576K
}
Event: 1.775 GC heap before
{Heap before GC invocations=3 (full 0):
 garbage-first heap   total 524288K, used 54721K [0x00000000c0000000, 0x0000000100000000)
  region size 1024K, 54 young (55296K), 7 survivors (7168K)
 Metaspace       used 33173K, capacity 34319K, committed 34608K, reserved 1079296K
  class space    used 4011K, capacity 4431K, committed 4480K, reserved 1048576K
}
Event: 1.781 GC heap after
{Heap after GC invocations=4 (full 0):
 garbage-first heap   total 524288K, used 10754K [0x00000000c0000000, 0x0000000100000000)
  region size 1024K, 6 young (6144K), 6 survivors (6144K)
 Metaspace       used 33173K, capacity 34319K, committed 34608K, reserved 1079296K
  class space    used 4011K, capacity 4431K, committed 4480K, reserved 1048576K
}
Event: 1.827 GC heap before
{Heap before GC invocations=4 (full 0):
 garbage-first heap   total 524288K, used 15874K [0x00000000c0000000, 0x0000000100000000)
  region size 1024K, 12 young (12288K), 6 survivors (6144K)
 Metaspace       used 34575K, capacity 35792K, committed 35888K, reserved 1081344K
  class space    used 4223K, capacity 4714K, committed 4736K, reserved 1048576K
}
Event: 1.831 GC heap after
{Heap after GC invocations=5 (full 0):
 garbage-first heap   total 524288K, used 10950K [0x00000000c0000000, 0x0000000100000000)
  region size 1024K, 6 young (6144K), 6 survivors (6144K)
 Metaspace       used 34575K, capacity 35792K, committed 35888K, reserved 1081344K
  class space    used 4223K, capacity 4714K, committed 4736K, reserved 1048576K
}
Event: 3.125 GC heap before
{Heap before GC invocations=6 (full 0):
 garbage-first heap   total 524288K, used 109254K [0x00000000c0000000, 0x0000000100000000)
  region size 1024K, 103 young (105472K), 6 survivors (6144K)
 Metaspace       used 57366K, capacity 60281K, committed 60420K, reserved 1099776K
  class space    used 8120K, capacity 9776K, committed 9856K, reserved 1048576K
}
Event: 3.145 GC heap after
{Heap after GC invocations=7 (full 0):
 garbage-first heap   total 524288K, used 18488K [0x00000000c0000000, 0x0000000100000000)
  region size 1024K, 14 young (14336K), 14 survivors (14336K)
 Metaspace       used 57366K, capacity 60281K, committed 60420K, reserved 1099776K
  class space    used 8120K, capacity 9776K, committed 9856K, reserved 1048576K
}
Event: 5.462 GC heap before
{Heap before GC invocations=8 (full 0):
 garbage-first heap   total 524288K, used 191544K [0x00000000c0000000, 0x0000000100000000)
  region size 1024K, 156 young (159744K), 14 survivors (14336K)
 Metaspace       used 78537K, capacity 84153K, committed 84356K, reserved 1118208K
  class space    used 12083K, capacity 15101K, committed 15104K, reserved 1048576K
}
Event: 5.495 GC heap after
{Heap after GC invocations=9 (full 0):
 garbage-first heap   total 524288K, used 32738K [0x00000000c0000000, 0x0000000100000000)
  region size 1024K, 18 young (18432K), 18 survivors (18432K)
 Metaspace       used 78537K, capacity 84153K, committed 84356K, reserved 1118208K
  class space    used 12083K, capacity 15101K, committed 15104K, reserved 1048576K
}

