# JRE version: OpenJDK Runtime Environment Microsoft-6841889 (11.0.17+8) (build 11.0.17+8-LTS)
# Java VM: OpenJDK 64-Bit Server VM Microsoft-6841889 (11.0.17+8-LTS, mixed mode, tiered, compressed oops, g1 gc, windows-amd64)
Heap:
 garbage-first heap   total 524288K, used 437021K [0x00000000c0000000, 0x0000000100000000)
  region size 1024K, 294 young (301056K), 8 survivors (8192K)
 Metaspace       used 90946K, capacity 98009K, committed 98076K, reserved 1128448K
  class space    used 14401K, capacity 18372K, committed 18380K, reserved 1048576K
GC Heap History (12 events):
Event: 0.925 GC heap before
{Heap before GC invocations=0 (full 0):
 garbage-first heap   total 524288K, used 25600K [0x00000000c0000000, 0x0000000100000000)
  region size 1024K, 25 young (25600K), 0 survivors (0K)
 Metaspace       used 13564K, capacity 14084K, committed 14336K, reserved 1062912K
  class space    used 1313K, capacity 1457K, committed 1536K, reserved 1048576K
}
Event: 0.928 GC heap after
{Heap after GC invocations=1 (full 0):
 garbage-first heap   total 524288K, used 3983K [0x00000000c0000000, 0x0000000100000000)
  region size 1024K, 4 young (4096K), 4 survivors (4096K)
 Metaspace       used 13564K, capacity 14084K, committed 14336K, reserved 1062912K
  class space    used 1313K, capacity 1457K, committed 1536K, reserved 1048576K
}
Event: 1.379 GC heap before
{Heap before GC invocations=1 (full 0):
 garbage-first heap   total 524288K, used 27535K [0x00000000c0000000, 0x0000000100000000)
  region size 1024K, 28 young (28672K), 4 survivors (4096K)
 Metaspace       used 20451K, capacity 21140K, committed 21296K, reserved 1069056K
  class space    used 2200K, capacity 2367K, committed 2432K, reserved 1048576K
}
Event: 1.388 GC heap after
{Heap after GC invocations=2 (full 0):
 garbage-first heap   total 524288K, used 7457K [0x00000000c0000000, 0x0000000100000000)
  region size 1024K, 7 young (7168K), 7 survivors (7168K)
 Metaspace       used 20451K, capacity 21140K, committed 21296K, reserved 1069056K
  class space    used 2200K, capacity 2367K, committed 2432K, reserved 1048576K
}
Event: 2.039 GC heap before
{Heap before GC invocations=3 (full 0):
 garbage-first heap   total 524288K, used 60705K [0x00000000c0000000, 0x0000000100000000)
  region size 1024K, 61 young (62464K), 7 survivors (7168K)
 Metaspace       used 34628K, capacity 35853K, committed 35888K, reserved 1081344K
  class space    used 4220K, capacity 4717K, committed 4736K, reserved 1048576K
}
Event: 2.046 GC heap after
{Heap after GC invocations=4 (full 0):
 garbage-first heap   total 524288K, used 11003K [0x00000000c0000000, 0x0000000100000000)
  region size 1024K, 6 young (6144K), 6 survivors (6144K)
 Metaspace       used 34628K, capacity 35853K, committed 35888K, reserved 1081344K
  class space    used 4220K, capacity 4717K, committed 4736K, reserved 1048576K
}
Event: 3.573 GC heap before
{Heap before GC invocations=5 (full 0):
 garbage-first heap   total 524288K, used 107259K [0x00000000c0000000, 0x0000000100000000)
  region size 1024K, 100 young (102400K), 6 survivors (6144K)
 Metaspace       used 56504K, capacity 59368K, committed 59568K, reserved 1099776K
  class space    used 7986K, capacity 9628K, committed 9728K, reserved 1048576K
}
Event: 3.584 GC heap after
{Heap after GC invocations=6 (full 0):
 garbage-first heap   total 524288K, used 18397K [0x00000000c0000000, 0x0000000100000000)
  region size 1024K, 13 young (13312K), 13 survivors (13312K)
 Metaspace       used 56504K, capacity 59368K, committed 59568K, reserved 1099776K
  class space    used 7986K, capacity 9628K, committed 9728K, reserved 1048576K
}
Event: 3.616 GC heap before
{Heap before GC invocations=6 (full 0):
 garbage-first heap   total 524288K, used 21469K [0x00000000c0000000, 0x0000000100000000)
  region size 1024K, 17 young (17408K), 13 survivors (13312K)
 Metaspace       used 57296K, capacity 60165K, committed 60240K, reserved 1099776K
  class space    used 8080K, capacity 9712K, committed 9728K, reserved 1048576K
}
Event: 3.626 GC heap after
{Heap after GC invocations=7 (full 0):
 garbage-first heap   total 524288K, used 19096K [0x00000000c0000000, 0x0000000100000000)
  region size 1024K, 9 young (9216K), 9 survivors (9216K)
 Metaspace       used 57296K, capacity 60165K, committed 60240K, reserved 1099776K
  class space    used 8080K, capacity 9712K, committed 9728K, reserved 1048576K
}
Event: 6.183 GC heap before
{Heap before GC invocations=8 (full 0):
 garbage-first heap   total 524288K, used 115352K [0x00000000c0000000, 0x0000000100000000)
  region size 1024K, 104 young (106496K), 9 survivors (9216K)
 Metaspace       used 73420K, capacity 78578K, committed 78748K, reserved 1114112K
  class space    used 11234K, capacity 14033K, committed 14156K, reserved 1048576K
}
Event: 6.207 GC heap after
{Heap after GC invocations=9 (full 0):
 garbage-first heap   total 524288K, used 25373K [0x00000000c0000000, 0x0000000100000000)
  region size 1024K, 8 young (8192K), 8 survivors (8192K)
 Metaspace       used 73420K, capacity 78578K, committed 78748K, reserved 1114112K
  class space    used 11234K, capacity 14033K, committed 14156K, reserved 1048576K
}

