# JRE version: OpenJDK Runtime Environment Microsoft-6841889 (11.0.17+8) (build 11.0.17+8-LTS)
# Java VM: OpenJDK 64-Bit Server VM Microsoft-6841889 (11.0.17+8-LTS, mixed mode, tiered, compressed oops, g1 gc, windows-amd64)
Heap:
 garbage-first heap   total 524288K, used 54877K [0x00000000c0000000, 0x0000000100000000)
  region size 1024K, 16 young (16384K), 16 survivors (16384K)
 Metaspace       used 130036K, capacity 138369K, committed 138660K, reserved 1191936K
  class space    used 19915K, capacity 24434K, committed 24572K, reserved 1048576K
GC Heap History (20 events):
Event: 1.711 GC heap before
{Heap before GC invocations=1 (full 0):
 garbage-first heap   total 524288K, used 27680K [0x00000000c0000000, 0x0000000100000000)
  region size 1024K, 27 young (27648K), 4 survivors (4096K)
 Metaspace       used 20440K, capacity 21166K, committed 21248K, reserved 1069056K
  class space    used 2132K, capacity 2302K, committed 2304K, reserved 1048576K
}
Event: 1.719 GC heap after
{Heap after GC invocations=2 (full 0):
 garbage-first heap   total 524288K, used 7200K [0x00000000c0000000, 0x0000000100000000)
  region size 1024K, 6 young (6144K), 6 survivors (6144K)
 Metaspace       used 20440K, capacity 21166K, committed 21248K, reserved 1069056K
  class space    used 2132K, capacity 2302K, committed 2304K, reserved 1048576K
}
Event: 2.510 GC heap before
{Heap before GC invocations=3 (full 0):
 garbage-first heap   total 524288K, used 61472K [0x00000000c0000000, 0x0000000100000000)
  region size 1024K, 61 young (62464K), 6 survivors (6144K)
 Metaspace       used 34732K, capacity 35874K, committed 35964K, reserved 1081344K
  class space    used 4240K, capacity 4692K, committed 4732K, reserved 1048576K
}
Event: 2.520 GC heap after
{Heap after GC invocations=4 (full 0):
 garbage-first heap   total 524288K, used 10812K [0x00000000c0000000, 0x0000000100000000)
  region size 1024K, 6 young (6144K), 6 survivors (6144K)
 Metaspace       used 34732K, capacity 35874K, committed 35964K, reserved 1081344K
  class space    used 4240K, capacity 4692K, committed 4732K, reserved 1048576K
}
Event: 3.564 GC heap before
{Heap before GC invocations=5 (full 0):
 garbage-first heap   total 524288K, used 90684K [0x00000000c0000000, 0x0000000100000000)
  region size 1024K, 84 young (86016K), 6 survivors (6144K)
 Metaspace       used 53918K, capacity 56579K, committed 56828K, reserved 1097728K
  class space    used 7632K, capacity 9185K, committed 9212K, reserved 1048576K
}
Event: 3.577 GC heap after
{Heap after GC invocations=6 (full 0):
 garbage-first heap   total 524288K, used 16914K [0x00000000c0000000, 0x0000000100000000)
  region size 1024K, 11 young (11264K), 11 survivors (11264K)
 Metaspace       used 53918K, capacity 56579K, committed 56828K, reserved 1097728K
  class space    used 7632K, capacity 9185K, committed 9212K, reserved 1048576K
}
Event: 3.877 GC heap before
{Heap before GC invocations=6 (full 0):
 garbage-first heap   total 524288K, used 35346K [0x00000000c0000000, 0x0000000100000000)
  region size 1024K, 30 young (30720K), 11 survivors (11264K)
 Metaspace       used 57249K, capacity 60198K, committed 60284K, reserved 1099776K
  class space    used 8148K, capacity 9808K, committed 9852K, reserved 1048576K
}
Event: 3.893 GC heap after
{Heap after GC invocations=7 (full 0):
 garbage-first heap   total 524288K, used 18840K [0x00000000c0000000, 0x0000000100000000)
  region size 1024K, 13 young (13312K), 13 survivors (13312K)
 Metaspace       used 57249K, capacity 60198K, committed 60284K, reserved 1099776K
  class space    used 8148K, capacity 9808K, committed 9852K, reserved 1048576K
}
Event: 5.416 GC heap before
{Heap before GC invocations=8 (full 0):
 garbage-first heap   total 524288K, used 109976K [0x00000000c0000000, 0x0000000100000000)
  region size 1024K, 103 young (105472K), 13 survivors (13312K)
 Metaspace       used 72653K, capacity 77646K, committed 77820K, reserved 1114112K
  class space    used 11071K, capacity 13808K, committed 13820K, reserved 1048576K
}
Event: 5.436 GC heap after
{Heap after GC invocations=9 (full 0):
 garbage-first heap   total 524288K, used 25574K [0x00000000c0000000, 0x0000000100000000)
  region size 1024K, 9 young (9216K), 9 survivors (9216K)
 Metaspace       used 72653K, capacity 77646K, committed 77820K, reserved 1114112K
  class space    used 11071K, capacity 13808K, committed 13820K, reserved 1048576K
}
Event: 9.256 GC heap before
{Heap before GC invocations=9 (full 0):
 garbage-first heap   total 524288K, used 450534K [0x00000000c0000000, 0x0000000100000000)
  region size 1024K, 307 young (314368K), 9 survivors (9216K)
 Metaspace       used 91642K, capacity 98950K, committed 99196K, reserved 1130496K
  class space    used 14510K, capacity 18518K, committed 18556K, reserved 1048576K
}
Event: 9.277 GC heap after
{Heap after GC invocations=10 (full 0):
 garbage-first heap   total 524288K, used 42621K [0x00000000c0000000, 0x0000000100000000)
  region size 1024K, 26 young (26624K), 26 survivors (26624K)
 Metaspace       used 91642K, capacity 98950K, committed 99196K, reserved 1130496K
  class space    used 14510K, capacity 18518K, committed 18556K, reserved 1048576K
}
Event: 9.681 GC heap before
{Heap before GC invocations=10 (full 0):
 garbage-first heap   total 524288K, used 75389K [0x00000000c0000000, 0x0000000100000000)
  region size 1024K, 59 young (60416K), 26 survivors (26624K)
 Metaspace       used 93430K, capacity 100769K, committed 100900K, reserved 1132544K
  class space    used 14738K, capacity 18780K, committed 18812K, reserved 1048576K
}
Event: 9.705 GC heap after
{Heap after GC invocations=11 (full 0):
 garbage-first heap   total 524288K, used 43568K [0x00000000c0000000, 0x0000000100000000)
  region size 1024K, 19 young (19456K), 19 survivors (19456K)
 Metaspace       used 93430K, capacity 100769K, committed 100900K, reserved 1132544K
  class space    used 14738K, capacity 18780K, committed 18812K, reserved 1048576K
}
Event: 12.966 GC heap before
{Heap before GC invocations=12 (full 0):
 garbage-first heap   total 524288K, used 340528K [0x00000000c0000000, 0x0000000100000000)
  region size 1024K, 307 young (314368K), 19 survivors (19456K)
 Metaspace       used 115975K, capacity 124185K, committed 124452K, reserved 1150976K
  class space    used 18153K, capacity 22600K, committed 22652K, reserved 1048576K
}
Event: 12.988 GC heap after
{Heap after GC invocations=13 (full 0):
 garbage-first heap   total 524288K, used 54298K [0x00000000c0000000, 0x0000000100000000)
  region size 1024K, 30 young (30720K), 30 survivors (30720K)
 Metaspace       used 115975K, capacity 124185K, committed 124452K, reserved 1150976K
  class space    used 18153K, capacity 22600K, committed 22652K, reserved 1048576K
}
Event: 13.843 GC heap before
{Heap before GC invocations=13 (full 0):
 garbage-first heap   total 524288K, used 123930K [0x00000000c0000000, 0x0000000100000000)
  region size 1024K, 99 young (101376K), 30 survivors (30720K)
 Metaspace       used 124569K, capacity 132920K, committed 133028K, reserved 1173504K
  class space    used 19219K, capacity 23757K, committed 23804K, reserved 1048576K
}
Event: 13.874 GC heap after
{Heap after GC invocations=14 (full 0):
 garbage-first heap   total 524288K, used 56538K [0x00000000c0000000, 0x0000000100000000)
  region size 1024K, 16 young (16384K), 16 survivors (16384K)
 Metaspace       used 124569K, capacity 132920K, committed 133028K, reserved 1173504K
  class space    used 19219K, capacity 23757K, committed 23804K, reserved 1048576K
}
Event: 14.532 GC heap before
{Heap before GC invocations=15 (full 0):
 garbage-first heap   total 524288K, used 91354K [0x00000000c0000000, 0x0000000100000000)
  region size 1024K, 53 young (54272K), 16 survivors (16384K)
 Metaspace       used 130036K, capacity 138369K, committed 138660K, reserved 1189888K
  class space    used 19915K, capacity 24434K, committed 24572K, reserved 1048576K
}
Event: 14.545 GC heap after
{Heap after GC invocations=16 (full 0):
 garbage-first heap   total 524288K, used 54877K [0x00000000c0000000, 0x0000000100000000)
  region size 1024K, 16 young (16384K), 16 survivors (16384K)
 Metaspace       used 130036K, capacity 138369K, committed 138660K, reserved 1189888K
  class space    used 19915K, capacity 24434K, committed 24572K, reserved 1048576K
}

